Epoch 2/100
6903/6903 [==============================] - 24s 3ms/step - loss: 0.5613 - mae: 0.3001 - r2: -1.3732 - val_loss: 0.0819 - val_mae: 0.2144 - val_r2: 0.6818
Current time ....23.767
Epoch 2/100
6903/6903 [==============================] - 23s 3ms/step - loss: 0.0772 - mae: 0.2007 - r2: 0.7014 - val_loss: 0.0565 - val_mae: 0.1690 - val_r2: 0.7787
Current time ....48.283
Epoch 3/100
6903/6903 [==============================] - 22s 3ms/step - loss: 0.0579 - mae: 0.1709 - r2: 0.7751 - val_loss: 0.0442 - val_mae: 0.1489 - val_r2: 0.8259
Current time ....71.759
Epoch 4/100
6903/6903 [==============================] - 22s 3ms/step - loss: 0.0427 - mae: 0.1469 - r2: 0.8336 - val_loss: 0.0384 - val_mae: 0.1384 - val_r2: 0.8484
Current time ....95.375
Epoch 5/100
6903/6903 [==============================] - 22s 3ms/step - loss: 0.0349 - mae: 0.1329 - r2: 0.8639 - val_loss: 0.0352 - val_mae: 0.1315 - val_r2: 0.8610
Current time ....118.520
Epoch 6/100
6903/6903 [==============================] - 22s 3ms/step - loss: 0.0308 - mae: 0.1242 - r2: 0.8796 - val_loss: 0.0316 - val_mae: 0.1238 - val_r2: 0.8747
Current time ....141.721
Epoch 7/100
6903/6903 [==============================] - 22s 3ms/step - loss: 0.0272 - mae: 0.1169 - r2: 0.8935 - val_loss: 0.0322 - val_mae: 0.1231 - val_r2: 0.8733
Current time ....164.388
Epoch 8/100
6903/6903 [==============================] - 22s 3ms/step - loss: 0.0254 - mae: 0.1127 - r2: 0.9006 - val_loss: 0.0291 - val_mae: 0.1192 - val_r2: 0.8848
Current time ....186.773
Epoch 9/100
6903/6903 [==============================] - 21s 3ms/step - loss: 0.0232 - mae: 0.1082 - r2: 0.9091 - val_loss: 0.0274 - val_mae: 0.1153 - val_r2: 0.8918
Current time ....209.006
Epoch 10/100
6903/6903 [==============================] - 22s 3ms/step - loss: 0.0216 - mae: 0.1043 - r2: 0.9153 - val_loss: 0.0275 - val_mae: 0.1136 - val_r2: 0.8912
Current time ....232.096
Epoch 11/100
6903/6903 [==============================] - 21s 3ms/step - loss: 0.0203 - mae: 0.1010 - r2: 0.9202 - val_loss: 0.0272 - val_mae: 0.1140 - val_r2: 0.8923
Current time ....252.951
Epoch 12/100
6903/6903 [==============================] - 22s 3ms/step - loss: 0.0190 - mae: 0.0981 - r2: 0.9257 - val_loss: 0.0265 - val_mae: 0.1119 - val_r2: 0.8954
Current time ....275.802
Epoch 13/100
6903/6903 [==============================] - 22s 3ms/step - loss: 0.0193 - mae: 0.0980 - r2: 0.9246 - val_loss: 0.0273 - val_mae: 0.1139 - val_r2: 0.8916
Current time ....298.200
Epoch 14/100
6903/6903 [==============================] - 21s 3ms/step - loss: 0.0175 - mae: 0.0940 - r2: 0.9315 - val_loss: 0.0264 - val_mae: 0.1124 - val_r2: 0.8962
Current time ....319.228
Epoch 15/100
6903/6903 [==============================] - 22s 3ms/step - loss: 0.0175 - mae: 0.0929 - r2: 0.9308 - val_loss: 0.0260 - val_mae: 0.1108 - val_r2: 0.8976
Current time ....341.727
Epoch 16/100
6903/6903 [==============================] - 21s 3ms/step - loss: 0.0162 - mae: 0.0909 - r2: 0.9363 - val_loss: 0.0256 - val_mae: 0.1104 - val_r2: 0.8990
Current time ....363.634
Epoch 17/100
6903/6903 [==============================] - 21s 3ms/step - loss: 0.0158 - mae: 0.0898 - r2: 0.9382 - val_loss: 0.0252 - val_mae: 0.1077 - val_r2: 0.9006
Current time ....385.373
Epoch 18/100
6903/6903 [==============================] - 21s 3ms/step - loss: 0.0158 - mae: 0.0896 - r2: 0.9379 - val_loss: 0.0258 - val_mae: 0.1091 - val_r2: 0.8985
Current time ....406.848
Epoch 19/100
6903/6903 [==============================] - 22s 3ms/step - loss: 0.0151 - mae: 0.0877 - r2: 0.9408 - val_loss: 0.0253 - val_mae: 0.1076 - val_r2: 0.9008
Current time ....428.787
Epoch 20/100
6903/6903 [==============================] - 21s 3ms/step - loss: 0.0152 - mae: 0.0878 - r2: 0.9404 - val_loss: 0.0258 - val_mae: 0.1088 - val_r2: 0.8979
Current time ....449.813
Epoch 21/100
6903/6903 [==============================] - 21s 3ms/step - loss: 0.0147 - mae: 0.0861 - r2: 0.9426 - val_loss: 0.0254 - val_mae: 0.1073 - val_r2: 0.8997
Current time ....470.660
Epoch 22/100
6903/6903 [==============================] - 21s 3ms/step - loss: 0.0196 - mae: 0.0854 - r2: 0.9250 - val_loss: 0.0249 - val_mae: 0.1061 - val_r2: 0.9020
Current time ....491.404
Epoch 23/100
6903/6903 [==============================] - 21s 3ms/step - loss: 0.0142 - mae: 0.0845 - r2: 0.9442 - val_loss: 0.0257 - val_mae: 0.1073 - val_r2: 0.8987
Current time ....513.286
Epoch 24/100
6903/6903 [==============================] - 21s 3ms/step - loss: 0.0139 - mae: 0.0836 - r2: 0.9459 - val_loss: 0.0253 - val_mae: 0.1064 - val_r2: 0.9002
Current time ....534.111
Epoch 25/100
6903/6903 [==============================] - 21s 3ms/step - loss: 0.0134 - mae: 0.0824 - r2: 0.9477 - val_loss: 0.0249 - val_mae: 0.1059 - val_r2: 0.9020
Current time ....554.802
Epoch 26/100
6903/6903 [==============================] - 21s 3ms/step - loss: 0.0133 - mae: 0.0821 - r2: 0.9481 - val_loss: 0.0281 - val_mae: 0.1166 - val_r2: 0.8887
Current time ....575.505
Epoch 27/100
6903/6903 [==============================] - 21s 3ms/step - loss: 0.0132 - mae: 0.0817 - r2: 0.9484 - val_loss: 0.0249 - val_mae: 0.1051 - val_r2: 0.9021
Current time ....596.344
Epoch 28/100
6903/6903 [==============================] - 21s 3ms/step - loss: 0.0125 - mae: 0.0795 - r2: 0.9509 - val_loss: 0.0252 - val_mae: 0.1063 - val_r2: 0.9003
Current time ....616.949
Epoch 29/100
6903/6903 [==============================] - 21s 3ms/step - loss: 0.0132 - mae: 0.0814 - r2: 0.9485 - val_loss: 0.0250 - val_mae: 0.1058 - val_r2: 0.9017
Current time ....637.900
Epoch 30/100
6903/6903 [==============================] - 21s 3ms/step - loss: 0.0125 - mae: 0.0794 - r2: 0.9509 - val_loss: 0.0256 - val_mae: 0.1074 - val_r2: 0.8998
Current time ....659.121
Epoch 31/100
6903/6903 [==============================] - 21s 3ms/step - loss: 0.0122 - mae: 0.0786 - r2: 0.9521 - val_loss: 0.0249 - val_mae: 0.1045 - val_r2: 0.9017
Current time ....680.174
Epoch 32/100
6903/6903 [==============================] - 21s 3ms/step - loss: 0.0120 - mae: 0.0779 - r2: 0.9528 - val_loss: 0.0254 - val_mae: 0.1062 - val_r2: 0.9000
Current time ....701.562
Epoch 33/100
6903/6903 [==============================] - 21s 3ms/step - loss: 0.0119 - mae: 0.0774 - r2: 0.9535 - val_loss: 0.0284 - val_mae: 0.1061 - val_r2: 0.8917
Current time ....722.357
Epoch 34/100
6903/6903 [==============================] - 21s 3ms/step - loss: 0.0124 - mae: 0.0771 - r2: 0.9514 - val_loss: 0.0258 - val_mae: 0.1078 - val_r2: 0.8981
Current time ....743.367
Epoch 35/100
6903/6903 [==============================] - 21s 3ms/step - loss: 0.0113 - mae: 0.0757 - r2: 0.9556 - val_loss: 0.0269 - val_mae: 0.1059 - val_r2: 0.8954
Current time ....764.866
Epoch 36/100
6903/6903 [==============================] - 21s 3ms/step - loss: 0.0112 - mae: 0.0753 - r2: 0.9561 - val_loss: 0.0264 - val_mae: 0.1090 - val_r2: 0.8954
Current time ....785.511
Epoch 37/100
6903/6903 [==============================] - 21s 3ms/step - loss: 0.0109 - mae: 0.0743 - r2: 0.9571 - val_loss: 0.0271 - val_mae: 0.1084 - val_r2: 0.8942
Current time ....806.332
Epoch 38/100
6903/6903 [==============================] - 21s 3ms/step - loss: 0.0110 - mae: 0.0748 - r2: 0.9567 - val_loss: 0.0254 - val_mae: 0.1061 - val_r2: 0.8998
Current time ....827.155
Epoch 39/100
6903/6903 [==============================] - 21s 3ms/step - loss: 0.0108 - mae: 0.0742 - r2: 0.9575 - val_loss: 0.0255 - val_mae: 0.1066 - val_r2: 0.8999
Current time ....847.854
Epoch 40/100
6903/6903 [==============================] - 21s 3ms/step - loss: 0.0106 - mae: 0.0736 - r2: 0.9583 - val_loss: 0.0389 - val_mae: 0.1103 - val_r2: 0.8343
Current time ....868.524
Epoch 41/100
6903/6903 [==============================] - 21s 3ms/step - loss: 0.0107 - mae: 0.0737 - r2: 0.9580 - val_loss: 0.0254 - val_mae: 0.1053 - val_r2: 0.9005
Current time ....889.319
Epoch 42/100
6903/6903 [==============================] - 21s 3ms/step - loss: 0.0105 - mae: 0.0731 - r2: 0.9589 - val_loss: 0.0260 - val_mae: 0.1073 - val_r2: 0.8986
Current time ....910.144
Epoch 43/100
6903/6903 [==============================] - 21s 3ms/step - loss: 0.0107 - mae: 0.0735 - r2: 0.9580 - val_loss: 0.0259 - val_mae: 0.1076 - val_r2: 0.8989
Current time ....931.101
Epoch 44/100
6903/6903 [==============================] - 21s 3ms/step - loss: 0.0108 - mae: 0.0731 - r2: 0.9579 - val_loss: 0.0320 - val_mae: 0.1086 - val_r2: 0.8747
Current time ....952.241
Epoch 45/100
6903/6903 [==============================] - 22s 3ms/step - loss: 0.0115 - mae: 0.0725 - r2: 0.9547 - val_loss: 0.0256 - val_mae: 0.1066 - val_r2: 0.8996
Current time ....973.797
Epoch 46/100
6903/6903 [==============================] - 21s 3ms/step - loss: 0.0103 - mae: 0.0719 - r2: 0.9594 - val_loss: 0.0258 - val_mae: 0.1084 - val_r2: 0.8994
Current time ....995.087
Epoch 47/100
6903/6903 [==============================] - 21s 3ms/step - loss: 0.0101 - mae: 0.0709 - r2: 0.9602 - val_loss: 0.0254 - val_mae: 0.1065 - val_r2: 0.9006
Current time ....1016.002
Epoch 48/100
6903/6903 [==============================] - 21s 3ms/step - loss: 0.0101 - mae: 0.0706 - r2: 0.9603 - val_loss: 0.0259 - val_mae: 0.1077 - val_r2: 0.8981
Current time ....1037.032
Epoch 49/100
6903/6903 [==============================] - 21s 3ms/step - loss: 0.0100 - mae: 0.0702 - r2: 0.9610 - val_loss: 0.0265 - val_mae: 0.1097 - val_r2: 0.8966
Current time ....1057.909
Epoch 50/100
6903/6903 [==============================] - 21s 3ms/step - loss: 0.0099 - mae: 0.0699 - r2: 0.9610 - val_loss: 0.0253 - val_mae: 0.1055 - val_r2: 0.9010
Current time ....1078.796
Epoch 51/100
6903/6903 [==============================] - 21s 3ms/step - loss: 0.0095 - mae: 0.0690 - r2: 0.9628 - val_loss: 0.0263 - val_mae: 0.1072 - val_r2: 0.8964
Current time ....1100.190
Epoch 52/100
6903/6903 [==============================] - 21s 3ms/step - loss: 0.0096 - mae: 0.0694 - r2: 0.9622 - val_loss: 0.0289 - val_mae: 0.1144 - val_r2: 0.8863
Current time ....1121.625
Epoch 53/100
6903/6903 [==============================] - 21s 3ms/step - loss: 0.0115 - mae: 0.0697 - r2: 0.9558 - val_loss: 0.0281 - val_mae: 0.1128 - val_r2: 0.8897
Current time ....1142.460
Epoch 54/100
6903/6903 [==============================] - 21s 3ms/step - loss: 0.0105 - mae: 0.0721 - r2: 0.9587 - val_loss: 0.0258 - val_mae: 0.1080 - val_r2: 0.8990
Current time ....1163.222
Epoch 55/100
6903/6903 [==============================] - 21s 3ms/step - loss: 0.0094 - mae: 0.0683 - r2: 0.9632 - val_loss: 0.0289 - val_mae: 0.1158 - val_r2: 0.8868
Current time ....1184.114
Epoch 56/100
6903/6903 [==============================] - 21s 3ms/step - loss: 0.0097 - mae: 0.0697 - r2: 0.9621 - val_loss: 0.0262 - val_mae: 0.1061 - val_r2: 0.8973
Current time ....1204.986
Epoch 57/100
6903/6903 [==============================] - 21s 3ms/step - loss: 0.0097 - mae: 0.0687 - r2: 0.9622 - val_loss: 0.0252 - val_mae: 0.1057 - val_r2: 0.9010
Current time ....1225.875
Epoch 58/100
6903/6903 [==============================] - 21s 3ms/step - loss: 0.0092 - mae: 0.0678 - r2: 0.9639 - val_loss: 0.0253 - val_mae: 0.1058 - val_r2: 0.9009
Current time ....1246.840
Epoch 59/100
6903/6903 [==============================] - 21s 3ms/step - loss: 0.0091 - mae: 0.0674 - r2: 0.9645 - val_loss: 0.0259 - val_mae: 0.1059 - val_r2: 0.8981
Current time ....1267.785
Epoch 60/100
6903/6903 [==============================] - 21s 3ms/step - loss: 0.0090 - mae: 0.0672 - r2: 0.9647 - val_loss: 0.0395 - val_mae: 0.1099 - val_r2: 0.8513
Current time ....1288.583
Epoch 61/100
6903/6903 [==============================] - 21s 3ms/step - loss: 0.0094 - mae: 0.0681 - r2: 0.9632 - val_loss: 0.0308 - val_mae: 0.1184 - val_r2: 0.8808
Current time ....1309.476
Epoch 62/100
6903/6903 [==============================] - 21s 3ms/step - loss: 0.0103 - mae: 0.0711 - r2: 0.9595 - val_loss: 0.0283 - val_mae: 0.1068 - val_r2: 0.8902
Current time ....1330.371
Epoch 63/100
6903/6903 [==============================] - 21s 3ms/step - loss: 0.0088 - mae: 0.0666 - r2: 0.9654 - val_loss: 0.0255 - val_mae: 0.1044 - val_r2: 0.9000
Current time ....1351.278
Epoch 64/100
6903/6903 [==============================] - 21s 3ms/step - loss: 0.0244 - mae: 0.0672 - r2: 0.8985 - val_loss: 0.0256 - val_mae: 0.1058 - val_r2: 0.8994
Current time ....1372.142
Epoch 65/100
6903/6903 [==============================] - 21s 3ms/step - loss: 0.0087 - mae: 0.0661 - r2: 0.9658 - val_loss: 0.0258 - val_mae: 0.1057 - val_r2: 0.8987
Current time ....1393.050
Epoch 66/100
6903/6903 [==============================] - 21s 3ms/step - loss: 0.0084 - mae: 0.0648 - r2: 0.9672 - val_loss: 0.0261 - val_mae: 0.1070 - val_r2: 0.8976
Current time ....1413.974
Epoch 67/100
6903/6903 [==============================] - 21s 3ms/step - loss: 0.0094 - mae: 0.0676 - r2: 0.9632 - val_loss: 1.9603 - val_mae: 0.1214 - val_r2: -7.7766
Current time ....1435.014
Epoch 68/100
6903/6903 [==============================] - 21s 3ms/step - loss: 0.0105 - mae: 0.0680 - r2: 0.9596 - val_loss: 0.0270 - val_mae: 0.1098 - val_r2: 0.8938
Current time ....1455.981
Epoch 69/100
6903/6903 [==============================] - 21s 3ms/step - loss: 0.0087 - mae: 0.0662 - r2: 0.9659 - val_loss: 0.0259 - val_mae: 0.1064 - val_r2: 0.8988
Current time ....1477.052
Epoch 70/100
6903/6903 [==============================] - 21s 3ms/step - loss: 0.0090 - mae: 0.0664 - r2: 0.9646 - val_loss: 0.0257 - val_mae: 0.1045 - val_r2: 0.8989
Current time ....1497.828
Epoch 71/100
6903/6903 [==============================] - 21s 3ms/step - loss: 0.0090 - mae: 0.0660 - r2: 0.9650 - val_loss: 0.0271 - val_mae: 0.1045 - val_r2: 0.8941
Current time ....1518.798
Epoch 72/100
6903/6903 [==============================] - 21s 3ms/step - loss: 0.0084 - mae: 0.0647 - r2: 0.9672 - val_loss: 0.0251 - val_mae: 0.1048 - val_r2: 0.9014
Current time ....1539.659
Epoch 73/100
6903/6903 [==============================] - 21s 3ms/step - loss: 0.0087 - mae: 0.0657 - r2: 0.9660 - val_loss: 0.0262 - val_mae: 0.1067 - val_r2: 0.8971
Current time ....1560.914
Epoch 74/100
6903/6903 [==============================] - 21s 3ms/step - loss: 0.0088 - mae: 0.0660 - r2: 0.9656 - val_loss: 0.0270 - val_mae: 0.1067 - val_r2: 0.8950
Current time ....1582.019
Epoch 75/100
6903/6903 [==============================] - 21s 3ms/step - loss: 0.0086 - mae: 0.0653 - r2: 0.9664 - val_loss: 0.0266 - val_mae: 0.1078 - val_r2: 0.8949
Current time ....1602.979
Epoch 76/100
6903/6903 [==============================] - 21s 3ms/step - loss: 0.0084 - mae: 0.0649 - r2: 0.9670 - val_loss: 0.0265 - val_mae: 0.1058 - val_r2: 0.8963
Current time ....1623.670
Epoch 77/100
6903/6903 [==============================] - 20s 3ms/step - loss: 0.0082 - mae: 0.0640 - r2: 0.9679 - val_loss: 0.0268 - val_mae: 0.1087 - val_r2: 0.8948
Current time ....1644.115
Epoch 78/100
6903/6903 [==============================] - 21s 3ms/step - loss: 0.0091 - mae: 0.0671 - r2: 0.9645 - val_loss: 0.0256 - val_mae: 0.1041 - val_r2: 0.8996
Current time ....1665.115
Epoch 79/100
6903/6903 [==============================] - 21s 3ms/step - loss: 0.0080 - mae: 0.0636 - r2: 0.9687 - val_loss: 0.0262 - val_mae: 0.1066 - val_r2: 0.8975
Current time ....1685.924
Epoch 80/100
6903/6903 [==============================] - 21s 3ms/step - loss: 0.0084 - mae: 0.0648 - r2: 0.9672 - val_loss: 0.0270 - val_mae: 0.1083 - val_r2: 0.8941
Current time ....1706.811
Epoch 81/100
6903/6903 [==============================] - 21s 3ms/step - loss: 0.0087 - mae: 0.0657 - r2: 0.9661 - val_loss: 0.0261 - val_mae: 0.1050 - val_r2: 0.8975
Current time ....1727.740
Epoch 82/100
6903/6903 [==============================] - 21s 3ms/step - loss: 0.0089 - mae: 0.0671 - r2: 0.9653 - val_loss: 0.0266 - val_mae: 0.1074 - val_r2: 0.8962
Current time ....1748.575
Epoch 83/100
6903/6903 [==============================] - 21s 3ms/step - loss: 0.0084 - mae: 0.0656 - r2: 0.9669 - val_loss: 0.0260 - val_mae: 0.1051 - val_r2: 0.8983
Current time ....1769.561
Epoch 84/100
6903/6903 [==============================] - 21s 3ms/step - loss: 0.0084 - mae: 0.0649 - r2: 0.9670 - val_loss: 0.0263 - val_mae: 0.1074 - val_r2: 0.8971
Current time ....1790.370
Epoch 85/100
6903/6903 [==============================] - 21s 3ms/step - loss: 0.0083 - mae: 0.0648 - r2: 0.9676 - val_loss: 0.0264 - val_mae: 0.1051 - val_r2: 0.8960
Current time ....1810.984
Epoch 86/100
6903/6903 [==============================] - 21s 3ms/step - loss: 0.0082 - mae: 0.0648 - r2: 0.9678 - val_loss: 0.0287 - val_mae: 0.1062 - val_r2: 0.8888
Current time ....1831.673
Epoch 87/100
6903/6903 [==============================] - 21s 3ms/step - loss: 0.0080 - mae: 0.0638 - r2: 0.9686 - val_loss: 0.0270 - val_mae: 0.1085 - val_r2: 0.8940
Current time ....1852.974
Epoch 88/100
6903/6903 [==============================] - 22s 3ms/step - loss: 0.0131 - mae: 0.0749 - r2: 0.9489 - val_loss: 0.0270 - val_mae: 0.1078 - val_r2: 0.8941
Current time ....1874.733
Epoch 89/100
6903/6903 [==============================] - 21s 3ms/step - loss: 0.0140 - mae: 0.0719 - r2: 0.9469 - val_loss: 0.0265 - val_mae: 0.1046 - val_r2: 0.8959
Current time ....1895.631
Epoch 90/100
6903/6903 [==============================] - 21s 3ms/step - loss: 0.0096 - mae: 0.0679 - r2: 0.9622 - val_loss: 0.0261 - val_mae: 0.1041 - val_r2: 0.8977
Current time ....1916.469
Epoch 91/100
6903/6903 [==============================] - 21s 3ms/step - loss: 0.0096 - mae: 0.0675 - r2: 0.9626 - val_loss: 0.0270 - val_mae: 0.1067 - val_r2: 0.8942
Current time ....1937.280
Epoch 92/100
6903/6903 [==============================] - 21s 3ms/step - loss: 0.0094 - mae: 0.0673 - r2: 0.9632 - val_loss: 0.0274 - val_mae: 0.1073 - val_r2: 0.8925
Current time ....1957.983
Epoch 93/100
6903/6903 [==============================] - 21s 3ms/step - loss: 0.0093 - mae: 0.0673 - r2: 0.9635 - val_loss: 0.0266 - val_mae: 0.1055 - val_r2: 0.8960
Current time ....1978.816
Epoch 94/100
6903/6903 [==============================] - 21s 3ms/step - loss: 0.0088 - mae: 0.0656 - r2: 0.9654 - val_loss: 0.0333 - val_mae: 0.1073 - val_r2: 0.8613
Current time ....1999.376
Epoch 95/100
6903/6903 [==============================] - 21s 3ms/step - loss: 0.0095 - mae: 0.0672 - r2: 0.9629 - val_loss: 0.0285 - val_mae: 0.1097 - val_r2: 0.8878
Current time ....2020.325
Epoch 96/100
6903/6903 [==============================] - 21s 3ms/step - loss: 0.0110 - mae: 0.0715 - r2: 0.9569 - val_loss: 0.0270 - val_mae: 0.1082 - val_r2: 0.8940
Current time ....2041.205
Epoch 97/100
6903/6903 [==============================] - 21s 3ms/step - loss: 0.0098 - mae: 0.0683 - r2: 0.9618 - val_loss: 0.0272 - val_mae: 0.1072 - val_r2: 0.8931
Current time ....2062.171
Epoch 98/100
6903/6903 [==============================] - 21s 3ms/step - loss: 0.0092 - mae: 0.0668 - r2: 0.9643 - val_loss: 0.0269 - val_mae: 0.1082 - val_r2: 0.8944
Current time ....2083.268
Epoch 99/100
6903/6903 [==============================] - 21s 3ms/step - loss: 0.0098 - mae: 0.0685 - r2: 0.9615 - val_loss: 0.0264 - val_mae: 0.1056 - val_r2: 0.8962
Current time ....2104.360
Epoch 100/100
6903/6903 [==============================] - 21s 3ms/step - loss: 0.0088 - mae: 0.0652 - r2: 0.9655 - val_loss: 0.0261 - val_mae: 0.1061 - val_r2: 0.8974
Current time ....2125.279
Comparing y_true and y_pred:
  mse: 0.0249
  mae: 0.1061
  r2: 0.9101
  corr: 0.9545